<?xml version="1.0" encoding="UTF-8"?>
<testsuite name="ch.heigvd.res.lab01.impl.ApplicationTest" time="2.213" tests="2" errors="2" skipped="0" failures="0">
  <properties>
    <property name="java.runtime.name" value="Java(TM) SE Runtime Environment"/>
    <property name="sun.boot.library.path" value="/Library/Java/JavaVirtualMachines/jdk1.8.0_66.jdk/Contents/Home/jre/lib"/>
    <property name="java.vm.version" value="25.66-b17"/>
    <property name="user.country.format" value="CH"/>
    <property name="gopherProxySet" value="false"/>
    <property name="java.vm.vendor" value="Oracle Corporation"/>
    <property name="java.vendor.url" value="http://java.oracle.com/"/>
    <property name="path.separator" value=":"/>
    <property name="guice.disable.misplaced.annotation.check" value="true"/>
    <property name="java.vm.name" value="Java HotSpot(TM) 64-Bit Server VM"/>
    <property name="file.encoding.pkg" value="sun.io"/>
    <property name="user.country" value="US"/>
    <property name="sun.java.launcher" value="SUN_STANDARD"/>
    <property name="sun.os.patch.level" value="unknown"/>
    <property name="java.vm.specification.name" value="Java Virtual Machine Specification"/>
    <property name="user.dir" value="/Users/admin/Documents/heig-vd/Teaching/RES/repos/Teaching-HEIGVD-RES-2016-Labo-01/Lab01App-build"/>
    <property name="java.runtime.version" value="1.8.0_66-b17"/>
    <property name="java.awt.graphicsenv" value="sun.awt.CGraphicsEnvironment"/>
    <property name="java.endorsed.dirs" value="/Library/Java/JavaVirtualMachines/jdk1.8.0_66.jdk/Contents/Home/jre/lib/endorsed"/>
    <property name="os.arch" value="x86_64"/>
    <property name="java.io.tmpdir" value="/var/folders/jk/dj7fbftx47z1jd1y8lv2tzxr0000gn/T/"/>
    <property name="line.separator" value="&#10;"/>
    <property name="java.vm.specification.vendor" value="Oracle Corporation"/>
    <property name="os.name" value="Mac OS X"/>
    <property name="classworlds.conf" value="/Users/admin/tools/maven/apache-maven-3.2.5/bin/m2.conf"/>
    <property name="sun.jnu.encoding" value="UTF-8"/>
    <property name="java.library.path" value="/Users/admin/Library/Java/Extensions:/Library/Java/Extensions:/Network/Library/Java/Extensions:/System/Library/Java/Extensions:/usr/lib/java:."/>
    <property name="java.specification.name" value="Java Platform API Specification"/>
    <property name="java.class.version" value="52.0"/>
    <property name="sun.management.compiler" value="HotSpot 64-Bit Tiered Compilers"/>
    <property name="os.version" value="10.11.1"/>
    <property name="http.nonProxyHosts" value="local|*.local|169.254/16|*.169.254/16"/>
    <property name="user.home" value="/Users/admin"/>
    <property name="user.timezone" value="Europe/Zurich"/>
    <property name="java.awt.printerjob" value="sun.lwawt.macosx.CPrinterJob"/>
    <property name="java.specification.version" value="1.8"/>
    <property name="file.encoding" value="UTF-8"/>
    <property name="user.name" value="admin"/>
    <property name="java.class.path" value="/Users/admin/tools/maven/apache-maven-3.2.5/boot/plexus-classworlds-2.5.2.jar"/>
    <property name="java.vm.specification.version" value="1.8"/>
    <property name="sun.arch.data.model" value="64"/>
    <property name="java.home" value="/Library/Java/JavaVirtualMachines/jdk1.8.0_66.jdk/Contents/Home/jre"/>
    <property name="sun.java.command" value="org.codehaus.plexus.classworlds.launcher.Launcher clean install"/>
    <property name="java.specification.vendor" value="Oracle Corporation"/>
    <property name="user.language" value="en"/>
    <property name="user.language.format" value="fr"/>
    <property name="awt.toolkit" value="sun.lwawt.macosx.LWCToolkit"/>
    <property name="java.vm.info" value="mixed mode"/>
    <property name="java.version" value="1.8.0_66"/>
    <property name="java.ext.dirs" value="/Users/admin/Library/Java/Extensions:/Library/Java/JavaVirtualMachines/jdk1.8.0_66.jdk/Contents/Home/jre/lib/ext:/Library/Java/Extensions:/Network/Library/Java/Extensions:/System/Library/Java/Extensions:/usr/lib/java"/>
    <property name="sun.boot.class.path" value="/Library/Java/JavaVirtualMachines/jdk1.8.0_66.jdk/Contents/Home/jre/lib/resources.jar:/Library/Java/JavaVirtualMachines/jdk1.8.0_66.jdk/Contents/Home/jre/lib/rt.jar:/Library/Java/JavaVirtualMachines/jdk1.8.0_66.jdk/Contents/Home/jre/lib/sunrsasign.jar:/Library/Java/JavaVirtualMachines/jdk1.8.0_66.jdk/Contents/Home/jre/lib/jsse.jar:/Library/Java/JavaVirtualMachines/jdk1.8.0_66.jdk/Contents/Home/jre/lib/jce.jar:/Library/Java/JavaVirtualMachines/jdk1.8.0_66.jdk/Contents/Home/jre/lib/charsets.jar:/Library/Java/JavaVirtualMachines/jdk1.8.0_66.jdk/Contents/Home/jre/lib/jfr.jar:/Library/Java/JavaVirtualMachines/jdk1.8.0_66.jdk/Contents/Home/jre/classes"/>
    <property name="java.vendor" value="Oracle Corporation"/>
    <property name="maven.home" value="/Users/admin/tools/maven/apache-maven-3.2.5"/>
    <property name="file.separator" value="/"/>
    <property name="java.vendor.url.bug" value="http://bugreport.sun.com/bugreport/"/>
    <property name="sun.cpu.endian" value="little"/>
    <property name="sun.io.unicode.encoding" value="UnicodeBig"/>
    <property name="socksNonProxyHosts" value="local|*.local|169.254/16|*.169.254/16"/>
    <property name="ftp.nonProxyHosts" value="local|*.local|169.254/16|*.169.254/16"/>
    <property name="sun.cpu.isalist" value=""/>
  </properties>
  <testcase name="ch.heigvd.res.lab01.impl.ApplicationTest" classname="ch.heigvd.res.lab01.impl.ApplicationTest" time="1.106">
    <error message="The student has not implemented this method yet." type="java.lang.UnsupportedOperationException">java.lang.UnsupportedOperationException: The student has not implemented this method yet.
	at ch.heigvd.res.lab01.impl.explorers.DFSFileExplorer.explore(DFSFileExplorer.java:19)
	at ch.heigvd.res.lab01.impl.Application.processQuoteFiles(Application.java:157)
	at ch.heigvd.res.lab01.impl.ApplicationTest.invokeApplication(ApplicationTest.java:37)
</error>
    <system-err><![CDATA[mars 08, 2016 3:59:07 PM ch.heigvd.res.lab01.impl.Application fetchAndStoreQuotes
INFO: Received a new joke with 0 tags.
mars 08, 2016 3:59:07 PM ch.heigvd.res.lab01.impl.Application fetchAndStoreQuotes
INFO: Received a new joke with 1 tags.
mars 08, 2016 3:59:07 PM ch.heigvd.res.lab01.impl.Application fetchAndStoreQuotes
INFO: > internet
mars 08, 2016 3:59:07 PM ch.heigvd.res.lab01.impl.Application fetchAndStoreQuotes
INFO: Received a new joke with 4 tags.
mars 08, 2016 3:59:07 PM ch.heigvd.res.lab01.impl.Application fetchAndStoreQuotes
INFO: > geek
mars 08, 2016 3:59:07 PM ch.heigvd.res.lab01.impl.Application fetchAndStoreQuotes
INFO: > popular
mars 08, 2016 3:59:07 PM ch.heigvd.res.lab01.impl.Application fetchAndStoreQuotes
INFO: > funny
mars 08, 2016 3:59:07 PM ch.heigvd.res.lab01.impl.Application fetchAndStoreQuotes
INFO: > internet
mars 08, 2016 3:59:07 PM ch.heigvd.res.lab01.impl.Application fetchAndStoreQuotes
INFO: Received a new joke with 2 tags.
mars 08, 2016 3:59:07 PM ch.heigvd.res.lab01.impl.Application fetchAndStoreQuotes
INFO: > popular
mars 08, 2016 3:59:07 PM ch.heigvd.res.lab01.impl.Application fetchAndStoreQuotes
INFO: > funny
mars 08, 2016 3:59:07 PM ch.heigvd.res.lab01.impl.Application fetchAndStoreQuotes
INFO: Received a new joke with 4 tags.
mars 08, 2016 3:59:07 PM ch.heigvd.res.lab01.impl.Application fetchAndStoreQuotes
INFO: > popular
mars 08, 2016 3:59:07 PM ch.heigvd.res.lab01.impl.Application fetchAndStoreQuotes
INFO: > funny
mars 08, 2016 3:59:07 PM ch.heigvd.res.lab01.impl.Application fetchAndStoreQuotes
INFO: > movie
mars 08, 2016 3:59:07 PM ch.heigvd.res.lab01.impl.Application fetchAndStoreQuotes
INFO: > internet
mars 08, 2016 3:59:07 PM ch.heigvd.res.lab01.impl.Application fetchAndStoreQuotes
INFO: Received a new joke with 1 tags.
mars 08, 2016 3:59:07 PM ch.heigvd.res.lab01.impl.Application fetchAndStoreQuotes
INFO: > funny
mars 08, 2016 3:59:07 PM ch.heigvd.res.lab01.impl.Application fetchAndStoreQuotes
INFO: Received a new joke with 3 tags.
mars 08, 2016 3:59:07 PM ch.heigvd.res.lab01.impl.Application fetchAndStoreQuotes
INFO: > geek
mars 08, 2016 3:59:07 PM ch.heigvd.res.lab01.impl.Application fetchAndStoreQuotes
INFO: > popular
mars 08, 2016 3:59:07 PM ch.heigvd.res.lab01.impl.Application fetchAndStoreQuotes
INFO: > internet
mars 08, 2016 3:59:07 PM ch.heigvd.res.lab01.impl.Application fetchAndStoreQuotes
INFO: Received a new joke with 5 tags.
mars 08, 2016 3:59:07 PM ch.heigvd.res.lab01.impl.Application fetchAndStoreQuotes
INFO: > hilarious
mars 08, 2016 3:59:07 PM ch.heigvd.res.lab01.impl.Application fetchAndStoreQuotes
INFO: > geek
mars 08, 2016 3:59:07 PM ch.heigvd.res.lab01.impl.Application fetchAndStoreQuotes
INFO: > movie
mars 08, 2016 3:59:07 PM ch.heigvd.res.lab01.impl.Application fetchAndStoreQuotes
INFO: > funny
mars 08, 2016 3:59:07 PM ch.heigvd.res.lab01.impl.Application fetchAndStoreQuotes
INFO: > internet
mars 08, 2016 3:59:07 PM ch.heigvd.res.lab01.impl.Application fetchAndStoreQuotes
INFO: Received a new joke with 0 tags.
mars 08, 2016 3:59:07 PM ch.heigvd.res.lab01.impl.Application fetchAndStoreQuotes
INFO: Received a new joke with 5 tags.
mars 08, 2016 3:59:07 PM ch.heigvd.res.lab01.impl.Application fetchAndStoreQuotes
INFO: > geek
mars 08, 2016 3:59:07 PM ch.heigvd.res.lab01.impl.Application fetchAndStoreQuotes
INFO: > movie
mars 08, 2016 3:59:07 PM ch.heigvd.res.lab01.impl.Application fetchAndStoreQuotes
INFO: > funny
mars 08, 2016 3:59:07 PM ch.heigvd.res.lab01.impl.Application fetchAndStoreQuotes
INFO: > joke
mars 08, 2016 3:59:07 PM ch.heigvd.res.lab01.impl.Application fetchAndStoreQuotes
INFO: > popular
mars 08, 2016 3:59:07 PM ch.heigvd.res.lab01.impl.Application fetchAndStoreQuotes
INFO: Received a new joke with 6 tags.
mars 08, 2016 3:59:07 PM ch.heigvd.res.lab01.impl.Application fetchAndStoreQuotes
INFO: > funny
mars 08, 2016 3:59:07 PM ch.heigvd.res.lab01.impl.Application fetchAndStoreQuotes
INFO: > geek
mars 08, 2016 3:59:07 PM ch.heigvd.res.lab01.impl.Application fetchAndStoreQuotes
INFO: > internet
mars 08, 2016 3:59:07 PM ch.heigvd.res.lab01.impl.Application fetchAndStoreQuotes
INFO: > hilarious
mars 08, 2016 3:59:07 PM ch.heigvd.res.lab01.impl.Application fetchAndStoreQuotes
INFO: > popular
mars 08, 2016 3:59:07 PM ch.heigvd.res.lab01.impl.Application fetchAndStoreQuotes
INFO: > joke
mars 08, 2016 3:59:07 PM ch.heigvd.res.lab01.impl.Application fetchAndStoreQuotes
INFO: Received a new joke with 4 tags.
mars 08, 2016 3:59:07 PM ch.heigvd.res.lab01.impl.Application fetchAndStoreQuotes
INFO: > movie
mars 08, 2016 3:59:07 PM ch.heigvd.res.lab01.impl.Application fetchAndStoreQuotes
INFO: > internet
mars 08, 2016 3:59:07 PM ch.heigvd.res.lab01.impl.Application fetchAndStoreQuotes
INFO: > hilarious
mars 08, 2016 3:59:07 PM ch.heigvd.res.lab01.impl.Application fetchAndStoreQuotes
INFO: > geek
mars 08, 2016 3:59:07 PM ch.heigvd.res.lab01.impl.Application fetchAndStoreQuotes
INFO: Received a new joke with 3 tags.
mars 08, 2016 3:59:07 PM ch.heigvd.res.lab01.impl.Application fetchAndStoreQuotes
INFO: > movie
mars 08, 2016 3:59:07 PM ch.heigvd.res.lab01.impl.Application fetchAndStoreQuotes
INFO: > popular
mars 08, 2016 3:59:07 PM ch.heigvd.res.lab01.impl.Application fetchAndStoreQuotes
INFO: > internet
mars 08, 2016 3:59:07 PM ch.heigvd.res.lab01.impl.Application fetchAndStoreQuotes
INFO: Received a new joke with 7 tags.
mars 08, 2016 3:59:07 PM ch.heigvd.res.lab01.impl.Application fetchAndStoreQuotes
INFO: > movie
mars 08, 2016 3:59:07 PM ch.heigvd.res.lab01.impl.Application fetchAndStoreQuotes
INFO: > funny
mars 08, 2016 3:59:07 PM ch.heigvd.res.lab01.impl.Application fetchAndStoreQuotes
INFO: > internet
mars 08, 2016 3:59:07 PM ch.heigvd.res.lab01.impl.Application fetchAndStoreQuotes
INFO: > geek
mars 08, 2016 3:59:07 PM ch.heigvd.res.lab01.impl.Application fetchAndStoreQuotes
INFO: > joke
mars 08, 2016 3:59:07 PM ch.heigvd.res.lab01.impl.Application fetchAndStoreQuotes
INFO: > popular
mars 08, 2016 3:59:07 PM ch.heigvd.res.lab01.impl.Application fetchAndStoreQuotes
INFO: > hilarious
mars 08, 2016 3:59:07 PM ch.heigvd.res.lab01.impl.Application fetchAndStoreQuotes
INFO: Received a new joke with 4 tags.
mars 08, 2016 3:59:07 PM ch.heigvd.res.lab01.impl.Application fetchAndStoreQuotes
INFO: > hilarious
mars 08, 2016 3:59:07 PM ch.heigvd.res.lab01.impl.Application fetchAndStoreQuotes
INFO: > movie
mars 08, 2016 3:59:07 PM ch.heigvd.res.lab01.impl.Application fetchAndStoreQuotes
INFO: > internet
mars 08, 2016 3:59:07 PM ch.heigvd.res.lab01.impl.Application fetchAndStoreQuotes
INFO: > geek
mars 08, 2016 3:59:08 PM ch.heigvd.res.lab01.impl.Application fetchAndStoreQuotes
INFO: Received a new joke with 3 tags.
mars 08, 2016 3:59:08 PM ch.heigvd.res.lab01.impl.Application fetchAndStoreQuotes
INFO: > popular
mars 08, 2016 3:59:08 PM ch.heigvd.res.lab01.impl.Application fetchAndStoreQuotes
INFO: > geek
mars 08, 2016 3:59:08 PM ch.heigvd.res.lab01.impl.Application fetchAndStoreQuotes
INFO: > joke
mars 08, 2016 3:59:08 PM ch.heigvd.res.lab01.impl.Application fetchAndStoreQuotes
INFO: Received a new joke with 3 tags.
mars 08, 2016 3:59:08 PM ch.heigvd.res.lab01.impl.Application fetchAndStoreQuotes
INFO: > hilarious
mars 08, 2016 3:59:08 PM ch.heigvd.res.lab01.impl.Application fetchAndStoreQuotes
INFO: > internet
mars 08, 2016 3:59:08 PM ch.heigvd.res.lab01.impl.Application fetchAndStoreQuotes
INFO: > movie
mars 08, 2016 3:59:08 PM ch.heigvd.res.lab01.impl.Application fetchAndStoreQuotes
INFO: Received a new joke with 2 tags.
mars 08, 2016 3:59:08 PM ch.heigvd.res.lab01.impl.Application fetchAndStoreQuotes
INFO: > internet
mars 08, 2016 3:59:08 PM ch.heigvd.res.lab01.impl.Application fetchAndStoreQuotes
INFO: > movie
mars 08, 2016 3:59:08 PM ch.heigvd.res.lab01.impl.Application fetchAndStoreQuotes
INFO: Received a new joke with 6 tags.
mars 08, 2016 3:59:08 PM ch.heigvd.res.lab01.impl.Application fetchAndStoreQuotes
INFO: > joke
mars 08, 2016 3:59:08 PM ch.heigvd.res.lab01.impl.Application fetchAndStoreQuotes
INFO: > movie
mars 08, 2016 3:59:08 PM ch.heigvd.res.lab01.impl.Application fetchAndStoreQuotes
INFO: > funny
mars 08, 2016 3:59:08 PM ch.heigvd.res.lab01.impl.Application fetchAndStoreQuotes
INFO: > geek
mars 08, 2016 3:59:08 PM ch.heigvd.res.lab01.impl.Application fetchAndStoreQuotes
INFO: > hilarious
mars 08, 2016 3:59:08 PM ch.heigvd.res.lab01.impl.Application fetchAndStoreQuotes
INFO: > internet
mars 08, 2016 3:59:08 PM ch.heigvd.res.lab01.impl.Application fetchAndStoreQuotes
INFO: Received a new joke with 4 tags.
mars 08, 2016 3:59:08 PM ch.heigvd.res.lab01.impl.Application fetchAndStoreQuotes
INFO: > joke
mars 08, 2016 3:59:08 PM ch.heigvd.res.lab01.impl.Application fetchAndStoreQuotes
INFO: > hilarious
mars 08, 2016 3:59:08 PM ch.heigvd.res.lab01.impl.Application fetchAndStoreQuotes
INFO: > geek
mars 08, 2016 3:59:08 PM ch.heigvd.res.lab01.impl.Application fetchAndStoreQuotes
INFO: > funny
]]></system-err>
  </testcase>
  <testcase name="Test mechanism" classname="Test mechanism" time="1.107">
    <error type="java.lang.NullPointerException:">java.lang.NullPointerException: null
	at io.probedock.client.junit.AbstractProbeListener.getMethodAnnotation(AbstractProbeListener.java:104)
	at io.probedock.client.junit.ProbeListener.testFailure(ProbeListener.java:181)
	at org.junit.runner.notification.SynchronizedRunListener.testFailure(SynchronizedRunListener.java:63)
	at org.junit.runner.notification.RunNotifier$4.notifyListener(RunNotifier.java:142)
	at org.junit.runner.notification.RunNotifier$SafeNotifier.run(RunNotifier.java:72)
	at org.junit.runner.notification.RunNotifier.fireTestFailures(RunNotifier.java:138)
	at org.junit.runner.notification.RunNotifier.fireTestFailure(RunNotifier.java:132)
	at org.junit.internal.runners.model.EachTestNotifier.addFailure(EachTestNotifier.java:23)
	at org.junit.runners.ParentRunner.run(ParentRunner.java:369)
	at org.apache.maven.surefire.junit4.JUnit4Provider.execute(JUnit4Provider.java:283)
	at org.apache.maven.surefire.junit4.JUnit4Provider.executeWithRerun(JUnit4Provider.java:173)
	at org.apache.maven.surefire.junit4.JUnit4Provider.executeTestSet(JUnit4Provider.java:153)
	at org.apache.maven.surefire.junit4.JUnit4Provider.invoke(JUnit4Provider.java:128)
	at org.apache.maven.surefire.booter.ForkedBooter.invokeProviderInSameClassLoader(ForkedBooter.java:203)
	at org.apache.maven.surefire.booter.ForkedBooter.runSuitesInProcess(ForkedBooter.java:155)
	at org.apache.maven.surefire.booter.ForkedBooter.main(ForkedBooter.java:103)
</error>
  </testcase>
</testsuite>